0 info it worked if it ends with ok
1 verbose cli [ '/usr/local/bin/node', '/usr/local/bin/npm', 'publish' ]
2 info using npm@3.5.0
3 info using node@v4.2.1
4 verbose publish [ '.' ]
5 silly cache add args [ '.', null ]
6 verbose cache add spec .
7 silly cache add parsed spec Result {
7 silly cache add   raw: '.',
7 silly cache add   scope: null,
7 silly cache add   name: null,
7 silly cache add   rawSpec: '.',
7 silly cache add   spec: '/home/david/Documents/projects/twitter-video-downloader',
7 silly cache add   type: 'directory' }
8 verbose addLocalDirectory /home/david/.npm/TwitterVideoDownloader/1.0.0/package.tgz not in flight; packing
9 info lifecycle TwitterVideoDownloader@1.0.0~prepublish: TwitterVideoDownloader@1.0.0
10 silly lifecycle TwitterVideoDownloader@1.0.0~prepublish: no script for prepublish, continuing
11 verbose tar pack [ '/home/david/.npm/TwitterVideoDownloader/1.0.0/package.tgz',
11 verbose tar pack   '/home/david/Documents/projects/twitter-video-downloader' ]
12 verbose tarball /home/david/.npm/TwitterVideoDownloader/1.0.0/package.tgz
13 verbose folder /home/david/Documents/projects/twitter-video-downloader
14 verbose addLocalTarball adding from inside cache /home/david/.npm/TwitterVideoDownloader/1.0.0/package.tgz
15 silly cache afterAdd TwitterVideoDownloader@1.0.0
16 verbose afterAdd /home/david/.npm/TwitterVideoDownloader/1.0.0/package/package.json not in flight; writing
17 verbose afterAdd /home/david/.npm/TwitterVideoDownloader/1.0.0/package/package.json written
18 silly publish { name: 'TwitterVideoDownloader',
18 silly publish   version: '1.0.0',
18 silly publish   description: 'This is a video downloader and converter for given video included twitter status update.',
18 silly publish   keywords: [ 'twitter', 'video', 'mp4', 'stream-buffer' ],
18 silly publish   maintainers: [ { name: 'David Ventura', email: 'davidventura3@gmail.com' } ],
18 silly publish   license: '',
18 silly publish   dependencies:
18 silly publish    { bluebird: '^3.3.1',
18 silly publish      'download-progress': '0.0.1',
18 silly publish      'metatag-crawler': '^2.0.3',
18 silly publish      progress: '^1.1.8',
18 silly publish      restling: '^0.9.1',
18 silly publish      underscore: '^1.8.3',
18 silly publish      m3u8: '^0.0.7',
18 silly publish      download: '^5.0.2',
18 silly publish      'stream-buffers': '^3.0.1',
18 silly publish      'fluent-ffmpeg': '^2.1.0' },
18 silly publish   readme: '# Note that ffmpeg library should be already installed on your PC.\n',
18 silly publish   readmeFilename: 'README.md',
18 silly publish   gitHead: 'a4bbfb012772b2627a1067eed2b02ff1c0e0328d',
18 silly publish   _id: 'TwitterVideoDownloader@1.0.0',
18 silly publish   scripts: {},
18 silly publish   _shasum: '5a769dfd8333504e1f0e412b1db40fa336d8a4a1',
18 silly publish   _from: '.' }
19 verbose getPublishConfig undefined
20 silly mapToRegistry name TwitterVideoDownloader
21 silly mapToRegistry using default registry
22 silly mapToRegistry registry https://registry.npmjs.org/
23 silly mapToRegistry uri https://registry.npmjs.org/TwitterVideoDownloader
24 verbose publish registryBase https://registry.npmjs.org/
25 silly publish uploading /home/david/.npm/TwitterVideoDownloader/1.0.0/package.tgz
26 verbose request uri https://registry.npmjs.org/TwitterVideoDownloader
27 verbose request sending authorization for write operation
28 info attempt registry request try #1 at 3:19:35 PM
29 verbose request using bearer token for auth
30 verbose request id 6df6e7160e8a0a8e
31 http request PUT https://registry.npmjs.org/TwitterVideoDownloader
32 http 400 https://registry.npmjs.org/TwitterVideoDownloader
33 verbose headers { 'content-type': 'application/json',
33 verbose headers   'cache-control': 'max-age=300',
33 verbose headers   'content-length': '66',
33 verbose headers   'accept-ranges': 'bytes',
33 verbose headers   date: 'Mon, 27 Feb 2017 13:19:36 GMT',
33 verbose headers   via: '1.1 varnish',
33 verbose headers   connection: 'keep-alive',
33 verbose headers   'x-served-by': 'cache-hhn1532-HHN',
33 verbose headers   'x-cache': 'MISS',
33 verbose headers   'x-cache-hits': '0',
33 verbose headers   'x-timer': 'S1488201576.024766,VS0,VE908',
33 verbose headers   vary: 'Accept-Encoding' }
34 verbose request invalidating /home/david/.npm/registry.npmjs.org/TwitterVideoDownloader on PUT
35 error publish Failed PUT 400
36 verbose stack Error: "TwitterVideoDownloader" is invalid for new packages : TwitterVideoDownloader
36 verbose stack     at makeError (/usr/local/lib/node_modules/npm/node_modules/npm-registry-client/lib/request.js:264:12)
36 verbose stack     at CachingRegistryClient.<anonymous> (/usr/local/lib/node_modules/npm/node_modules/npm-registry-client/lib/request.js:252:14)
36 verbose stack     at Request._callback (/usr/local/lib/node_modules/npm/node_modules/npm-registry-client/lib/request.js:172:14)
36 verbose stack     at Request.self.callback (/usr/local/lib/node_modules/npm/node_modules/request/request.js:198:22)
36 verbose stack     at emitTwo (events.js:87:13)
36 verbose stack     at Request.emit (events.js:172:7)
36 verbose stack     at Request.<anonymous> (/usr/local/lib/node_modules/npm/node_modules/request/request.js:1082:10)
36 verbose stack     at emitOne (events.js:82:20)
36 verbose stack     at Request.emit (events.js:169:7)
36 verbose stack     at IncomingMessage.<anonymous> (/usr/local/lib/node_modules/npm/node_modules/request/request.js:1009:12)
37 verbose statusCode 400
38 verbose pkgid TwitterVideoDownloader
39 verbose cwd /home/david/Documents/projects/twitter-video-downloader
40 error Linux 3.19.0-59-generic
41 error argv "/usr/local/bin/node" "/usr/local/bin/npm" "publish"
42 error node v4.2.1
43 error npm  v3.5.0
44 error code E400
45 error "TwitterVideoDownloader" is invalid for new packages : TwitterVideoDownloader
46 error If you need help, you may report this error at:
46 error     <https://github.com/npm/npm/issues>
47 verbose exit [ 1, true ]
